<?xml version="1.0" encoding="UTF-8"?>
<testng-results ignored="0" total="1" passed="1" failed="0" skipped="0">
  <reporter-output>
  </reporter-output>
  <suite started-at="2022-12-13T22:08:30 IST" name="AutomationTest" finished-at="2022-12-13T22:11:53 IST" duration-ms="203245">
    <groups>
    </groups>
    <test started-at="2022-12-13T22:08:30 IST" name="Test " finished-at="2022-12-13T22:11:53 IST" duration-ms="203245">
      <class name="com.crm.testCases.UserSelfAssignSRCaseFunctionalityTest">
        <test-method signature="SelfAssignClosedSRCaseTest()[pri:0, instance:com.crm.testCases.UserSelfAssignSRCaseFunctionalityTest@459b6c53]" started-at="2022-12-13T22:08:30 IST" name="SelfAssignClosedSRCaseTest" finished-at="2022-12-13T22:11:40 IST" duration-ms="189972" status="PASS">
          <reporter-output>
          </reporter-output>
        </test-method> <!-- SelfAssignClosedSRCaseTest -->
        <test-method is-config="true" signature="tearDownTest()[pri:0, instance:com.crm.testCases.UserSelfAssignSRCaseFunctionalityTest@459b6c53]" started-at="2022-12-13T22:11:52 IST" name="tearDownTest" finished-at="2022-12-13T22:11:53 IST" duration-ms="1342" status="PASS">
          <reporter-output>
          </reporter-output>
        </test-method> <!-- tearDownTest -->
      </class> <!-- com.crm.testCases.UserSelfAssignSRCaseFunctionalityTest -->
    </test> <!-- Test  -->
  </suite> <!-- AutomationTest -->
</testng-results>
